Running Sphinx v9.1.0
loading translations [en]... done
[autosummary] generating autosummary for: citation_docs/additional_info.rst, citation_docs/appendix_a.rst, citation_docs/appendix_b.rst, citation_docs/bibliography.rst, citation_docs/mathref_docs/mathref.rst, citation_docs/mathref_docs/quaternions.rst, codebase_docs/codebase.rst, codebase_docs/ultrasonic_code.rst, concepts_docs/communication.rst, concepts_docs/concepts.rst, ..., tutorial_docs/cmakelists.rst, tutorial_docs/init_dev.rst, tutorial_docs/jetson_config.rst, tutorial_docs/launch.rst, tutorial_docs/nav2.rst, tutorial_docs/roboflock_topics.rst, tutorial_docs/rtk_gps.rst, tutorial_docs/tf2.rst, tutorial_docs/tutorials.rst, tutorial_docs/urdf.rst
building [mo]: targets for 0 po files that are out of date
writing output... 
building [html]: targets for 40 source files that are out of date
updating environment: [new config] 40 added, 0 changed, 0 removed
reading sources... [  2%] citation_docs/additional_info
reading sources... [  5%] citation_docs/appendix_a
reading sources... [  8%] citation_docs/appendix_b
reading sources... [ 10%] citation_docs/bibliography
reading sources... [ 12%] citation_docs/mathref_docs/mathref
reading sources... [ 15%] citation_docs/mathref_docs/quaternions
reading sources... [ 18%] codebase_docs/codebase
reading sources... [ 20%] codebase_docs/ultrasonic_code
reading sources... [ 22%] concepts_docs/communication
reading sources... [ 25%] concepts_docs/concepts
reading sources... [ 28%] concepts_docs/navigation
reading sources... [ 30%] concepts_docs/obstacle_detection
reading sources... [ 32%] concepts_docs/ros2
reading sources... [ 35%] construction_docs/chassis_design
reading sources... [ 38%] construction_docs/constructing_the_roboflock
reading sources... [ 40%] construction_docs/construction
reading sources... [ 42%] construction_docs/wiring_specifications
reading sources... [ 45%] future_considerations
reading sources... [ 48%] getting_started_docs/getting_started
reading sources... [ 50%] hardware_docs/arduino
reading sources... [ 52%] hardware_docs/hardware
reading sources... [ 55%] hardware_docs/hc_12
reading sources... [ 57%] hardware_docs/hc_sr04
reading sources... [ 60%] hardware_docs/imu
reading sources... [ 62%] hardware_docs/jetson_devkit
reading sources... [ 65%] hardware_docs/max_17048
reading sources... [ 68%] hardware_docs/neo_m8p
reading sources... [ 70%] hardware_docs/rp_lidar
reading sources... [ 72%] hardware_docs/zed_f9p
reading sources... [ 75%] index
reading sources... [ 78%] tutorial_docs/cmakelists
reading sources... [ 80%] tutorial_docs/init_dev
reading sources... [ 82%] tutorial_docs/jetson_config
reading sources... [ 85%] tutorial_docs/launch
reading sources... [ 88%] tutorial_docs/nav2
reading sources... [ 90%] tutorial_docs/roboflock_topics
reading sources... [ 92%] tutorial_docs/rtk_gps
reading sources... [ 95%] tutorial_docs/tf2
reading sources... [ 98%] tutorial_docs/tutorials
reading sources... [100%] tutorial_docs/urdf

looking for now-outdated files... none found
pickling environment... done
checking consistency... done
preparing documents... done
copying assets... 
copying static files... 
Writing evaluated template result to /home/tstrade/School/Fall_2025/Hardware_Software_Integration/RoboFlock-Documentation/docs/build/html/_static/basic.css
Writing evaluated template result to /home/tstrade/School/Fall_2025/Hardware_Software_Integration/RoboFlock-Documentation/docs/build/html/_static/documentation_options.js
Writing evaluated template result to /home/tstrade/School/Fall_2025/Hardware_Software_Integration/RoboFlock-Documentation/docs/build/html/_static/language_data.js
Writing evaluated template result to /home/tstrade/School/Fall_2025/Hardware_Software_Integration/RoboFlock-Documentation/docs/build/html/_static/js/versions.js
Writing evaluated template result to /home/tstrade/School/Fall_2025/Hardware_Software_Integration/RoboFlock-Documentation/docs/build/html/_static/copybutton.js
copying static files: done
copying extra files... 
copying extra files: done
copying assets: done
writing output... [  2%] citation_docs/additional_info
writing output... [  5%] citation_docs/appendix_a
writing output... [  8%] citation_docs/appendix_b
writing output... [ 10%] citation_docs/bibliography
writing output... [ 12%] citation_docs/mathref_docs/mathref
writing output... [ 15%] citation_docs/mathref_docs/quaternions
writing output... [ 18%] codebase_docs/codebase
writing output... [ 20%] codebase_docs/ultrasonic_code
writing output... [ 22%] concepts_docs/communication
writing output... [ 25%] concepts_docs/concepts
writing output... [ 28%] concepts_docs/navigation
writing output... [ 30%] concepts_docs/obstacle_detection
writing output... [ 32%] concepts_docs/ros2
writing output... [ 35%] construction_docs/chassis_design
writing output... [ 38%] construction_docs/constructing_the_roboflock
writing output... [ 40%] construction_docs/construction
writing output... [ 42%] construction_docs/wiring_specifications
writing output... [ 45%] future_considerations
writing output... [ 48%] getting_started_docs/getting_started
writing output... [ 50%] hardware_docs/arduino
writing output... [ 52%] hardware_docs/hardware
writing output... [ 55%] hardware_docs/hc_12
writing output... [ 57%] hardware_docs/hc_sr04
writing output... [ 60%] hardware_docs/imu
writing output... [ 62%] hardware_docs/jetson_devkit
writing output... [ 65%] hardware_docs/max_17048
writing output... [ 68%] hardware_docs/neo_m8p
writing output... [ 70%] hardware_docs/rp_lidar
writing output... [ 72%] hardware_docs/zed_f9p
writing output... [ 75%] index
writing output... [ 78%] tutorial_docs/cmakelists
writing output... [ 80%] tutorial_docs/init_dev
writing output... [ 82%] tutorial_docs/jetson_config
writing output... [ 85%] tutorial_docs/launch
writing output... [ 88%] tutorial_docs/nav2
writing output... [ 90%] tutorial_docs/roboflock_topics
writing output... [ 92%] tutorial_docs/rtk_gps
writing output... [ 95%] tutorial_docs/tf2
writing output... [ 98%] tutorial_docs/tutorials
writing output... [100%] tutorial_docs/urdf

generating indices... genindex done
writing additional pages... search done
copying images... [  5%] _images/fig5_beacon_rover_datastream.png
copying images... [ 10%] _images/fig6_ex_gps_visuals.png
copying images... [ 15%] _images/fig7-1_beacon_robo_comms.png
copying images... [ 20%] _images/fig7-2_beacon_robo_dataflow.png
copying images... [ 25%] _images/fig4-2_sonar_positions.png
copying images... [ 30%] _images/fig11_ros2_overview.png
copying images... [ 35%] _images/fig12_chassis_design_proto.png
copying images... [ 40%] _images/fig13_chassis_frame.png
copying images... [ 45%] _images/fig14_chassis_frame_dims.png
copying images... [ 50%] _images/fig15_chassis_shell.png
copying images... [ 55%] _images/fig16_chassis_shell_dims.png
copying images... [ 60%] _images/fig17_airless_tires.png
copying images... [ 65%] _images/fig18_airless_tires_dims.png
copying images... [ 70%] _images/fig19_beacon_wiring_diagram.png
copying images... [ 75%] _images/fig21_internal_wiring_diagram.png
copying images... [ 80%] _images/fig2-1_jetson_block_diagram.png
copying images... [ 85%] _images/fig2-2_jetson_carrier_connections.png
copying images... [ 90%] _images/fig3-2_lidar_usb_adapter.png
copying images... [ 95%] _images/fig3-1_lidar_dims.png
copying images... [100%] _images/fig1_finalprod_overview.png

dumping search index in English (code: en)... done
dumping object inventory... done

====================== total reading duration ==========================
Total time reading 40 files: 0m 0.386s


====================== slowest reading durations =======================
0.034s hardware_docs/arduino
0.027s tutorial_docs/cmakelists
0.026s codebase_docs/ultrasonic_code
0.026s citation_docs/mathref_docs/quaternions
0.020s concepts_docs/ros2

build succeeded.

The HTML pages are in build/html.
